Attaching to spark-submit, spark-worker1, spark-worker2, spark-docker_spark-master_1
[36mspark-master_1   |[0m Using Spark's default log4j profile: org/apache/spark/log4j-defaults.properties
[36mspark-master_1   |[0m 20/10/24 20:25:20 INFO Master: Started daemon with process name: 6@aec7f1f16a14
[36mspark-master_1   |[0m 20/10/24 20:25:20 INFO SignalUtils: Registered signal handler for TERM
[36mspark-master_1   |[0m 20/10/24 20:25:20 INFO SignalUtils: Registered signal handler for HUP
[36mspark-master_1   |[0m 20/10/24 20:25:20 INFO SignalUtils: Registered signal handler for INT
[36mspark-master_1   |[0m WARNING: An illegal reflective access operation has occurred
[36mspark-master_1   |[0m WARNING: Illegal reflective access by org.apache.spark.unsafe.Platform (file:/spark/jars/spark-unsafe_2.12-3.0.1.jar) to constructor java.nio.DirectByteBuffer(long,int)
[36mspark-master_1   |[0m WARNING: Please consider reporting this to the maintainers of org.apache.spark.unsafe.Platform
[36mspark-master_1   |[0m WARNING: Use --illegal-access=warn to enable warnings of further illegal reflective access operations
[36mspark-master_1   |[0m WARNING: All illegal access operations will be denied in a future release
[36mspark-master_1   |[0m 20/10/24 20:25:20 WARN NativeCodeLoader: Unable to load native-hadoop library for your platform... using builtin-java classes where applicable
[36mspark-master_1   |[0m 20/10/24 20:25:20 INFO SecurityManager: Changing view acls to: root
[36mspark-master_1   |[0m 20/10/24 20:25:20 INFO SecurityManager: Changing modify acls to: root
[36mspark-master_1   |[0m 20/10/24 20:25:20 INFO SecurityManager: Changing view acls groups to: 
[36mspark-master_1   |[0m 20/10/24 20:25:20 INFO SecurityManager: Changing modify acls groups to: 
[36mspark-master_1   |[0m 20/10/24 20:25:20 INFO SecurityManager: SecurityManager: authentication disabled; ui acls disabled; users  with view permissions: Set(root); groups with view permissions: Set(); users  with modify permissions: Set(root); groups with modify permissions: Set()
[36mspark-master_1   |[0m 20/10/24 20:25:20 INFO Utils: Successfully started service 'sparkMaster' on port 7077.
[36mspark-master_1   |[0m 20/10/24 20:25:21 INFO Master: Starting Spark master at spark://192.168.48.2:7077
[36mspark-master_1   |[0m 20/10/24 20:25:21 INFO Master: Running Spark version 3.0.1
[36mspark-master_1   |[0m 20/10/24 20:25:21 INFO Utils: Successfully started service 'MasterUI' on port 8080.
[36mspark-master_1   |[0m 20/10/24 20:25:21 INFO MasterWebUI: Bound MasterWebUI to 0.0.0.0, and started at http://aec7f1f16a14:8080
[36mspark-master_1   |[0m 20/10/24 20:25:21 INFO Master: I have been elected leader! New state: ALIVE
[36mspark-master_1   |[0m 20/10/24 20:25:28 INFO Master: Registering worker 192.168.48.4:46007 with 2 cores, 2.0 GiB RAM
[36mspark-master_1   |[0m 20/10/24 20:25:28 INFO Master: Registering worker 192.168.48.3:41821 with 2 cores, 2.0 GiB RAM
[36mspark-master_1   |[0m Using Spark's default log4j profile: org/apache/spark/log4j-defaults.properties
[36mspark-master_1   |[0m 20/10/24 20:28:25 INFO Master: Started daemon with process name: 6@aec7f1f16a14
[36mspark-master_1   |[0m 20/10/24 20:28:25 INFO SignalUtils: Registered signal handler for TERM
[36mspark-master_1   |[0m 20/10/24 20:28:25 INFO SignalUtils: Registered signal handler for HUP
[36mspark-master_1   |[0m 20/10/24 20:28:25 INFO SignalUtils: Registered signal handler for INT
[36mspark-master_1   |[0m WARNING: An illegal reflective access operation has occurred
[36mspark-master_1   |[0m WARNING: Illegal reflective access by org.apache.spark.unsafe.Platform (file:/spark/jars/spark-unsafe_2.12-3.0.1.jar) to constructor java.nio.DirectByteBuffer(long,int)
[36mspark-master_1   |[0m WARNING: Please consider reporting this to the maintainers of org.apache.spark.unsafe.Platform
[36mspark-master_1   |[0m WARNING: Use --illegal-access=warn to enable warnings of further illegal reflective access operations
[36mspark-master_1   |[0m WARNING: All illegal access operations will be denied in a future release
[36mspark-master_1   |[0m 20/10/24 20:28:27 WARN NativeCodeLoader: Unable to load native-hadoop library for your platform... using builtin-java classes where applicable
[36mspark-master_1   |[0m 20/10/24 20:28:27 INFO SecurityManager: Changing view acls to: root
[36mspark-master_1   |[0m 20/10/24 20:28:27 INFO SecurityManager: Changing modify acls to: root
[36mspark-master_1   |[0m 20/10/24 20:28:27 INFO SecurityManager: Changing view acls groups to: 
[36mspark-master_1   |[0m 20/10/24 20:28:27 INFO SecurityManager: Changing modify acls groups to: 
[36mspark-master_1   |[0m 20/10/24 20:28:27 INFO SecurityManager: SecurityManager: authentication disabled; ui acls disabled; users  with view permissions: Set(root); groups with view permissions: Set(); users  with modify permissions: Set(root); groups with modify permissions: Set()
[36mspark-master_1   |[0m 20/10/24 20:28:28 INFO Utils: Successfully started service 'sparkMaster' on port 7077.
[36mspark-master_1   |[0m 20/10/24 20:28:28 INFO Master: Starting Spark master at spark://192.168.48.2:7077
[36mspark-master_1   |[0m 20/10/24 20:28:28 INFO Master: Running Spark version 3.0.1
[36mspark-master_1   |[0m 20/10/24 20:28:29 INFO Utils: Successfully started service 'MasterUI' on port 8080.
[36mspark-master_1   |[0m 20/10/24 20:28:29 INFO MasterWebUI: Bound MasterWebUI to 0.0.0.0, and started at http://aec7f1f16a14:8080
[36mspark-master_1   |[0m 20/10/24 20:28:30 INFO Master: I have been elected leader! New state: ALIVE
[36mspark-master_1   |[0m 20/10/24 20:28:30 INFO Master: Registering worker 192.168.48.4:42049 with 2 cores, 2.0 GiB RAM
[36mspark-master_1   |[0m 20/10/24 20:28:30 INFO Master: Registering worker 192.168.48.3:34523 with 2 cores, 2.0 GiB RAM
[36mspark-master_1   |[0m Using Spark's default log4j profile: org/apache/spark/log4j-defaults.properties
[36mspark-master_1   |[0m 20/10/24 20:31:28 INFO Master: Started daemon with process name: 6@aec7f1f16a14
[36mspark-master_1   |[0m 20/10/24 20:31:28 INFO SignalUtils: Registered signal handler for TERM
[36mspark-master_1   |[0m 20/10/24 20:31:28 INFO SignalUtils: Registered signal handler for HUP
[36mspark-master_1   |[0m 20/10/24 20:31:28 INFO SignalUtils: Registered signal handler for INT
[36mspark-master_1   |[0m WARNING: An illegal reflective access operation has occurred
[36mspark-master_1   |[0m WARNING: Illegal reflective access by org.apache.spark.unsafe.Platform (file:/spark/jars/spark-unsafe_2.12-3.0.1.jar) to constructor java.nio.DirectByteBuffer(long,int)
[36mspark-master_1   |[0m WARNING: Please consider reporting this to the maintainers of org.apache.spark.unsafe.Platform
[36mspark-master_1   |[0m WARNING: Use --illegal-access=warn to enable warnings of further illegal reflective access operations
[36mspark-master_1   |[0m WARNING: All illegal access operations will be denied in a future release
[36mspark-master_1   |[0m 20/10/24 20:31:28 WARN NativeCodeLoader: Unable to load native-hadoop library for your platform... using builtin-java classes where applicable
[36mspark-master_1   |[0m 20/10/24 20:31:29 INFO SecurityManager: Changing view acls to: root
[36mspark-master_1   |[0m 20/10/24 20:31:29 INFO SecurityManager: Changing modify acls to: root
[36mspark-master_1   |[0m 20/10/24 20:31:29 INFO SecurityManager: Changing view acls groups to: 
[36mspark-master_1   |[0m 20/10/24 20:31:29 INFO SecurityManager: Changing modify acls groups to: 
[36mspark-master_1   |[0m 20/10/24 20:31:29 INFO SecurityManager: SecurityManager: authentication disabled; ui acls disabled; users  with view permissions: Set(root); groups with view permissions: Set(); users  with modify permissions: Set(root); groups with modify permissions: Set()
[36mspark-master_1   |[0m 20/10/24 20:31:30 INFO Utils: Successfully started service 'sparkMaster' on port 7077.
[36mspark-master_1   |[0m 20/10/24 20:31:30 INFO Master: Starting Spark master at spark://192.168.48.2:7077
[36mspark-master_1   |[0m 20/10/24 20:31:30 INFO Master: Running Spark version 3.0.1
[36mspark-master_1   |[0m 20/10/24 20:31:30 INFO Utils: Successfully started service 'MasterUI' on port 8080.
[36mspark-master_1   |[0m 20/10/24 20:31:30 INFO MasterWebUI: Bound MasterWebUI to 0.0.0.0, and started at http://aec7f1f16a14:8080
[36mspark-master_1   |[0m 20/10/24 20:31:30 INFO Master: I have been elected leader! New state: ALIVE
[36mspark-master_1   |[0m 20/10/24 20:31:31 INFO Master: Registering worker 192.168.48.3:39379 with 2 cores, 2.0 GiB RAM
[36mspark-master_1   |[0m 20/10/24 20:31:31 INFO Master: Registering worker 192.168.48.4:43267 with 2 cores, 2.0 GiB RAM
[36mspark-master_1   |[0m Using Spark's default log4j profile: org/apache/spark/log4j-defaults.properties
[36mspark-master_1   |[0m 20/10/24 20:34:19 INFO Master: Started daemon with process name: 6@aec7f1f16a14
[36mspark-master_1   |[0m 20/10/24 20:34:19 INFO SignalUtils: Registered signal handler for TERM
[36mspark-master_1   |[0m 20/10/24 20:34:19 INFO SignalUtils: Registered signal handler for HUP
[36mspark-master_1   |[0m 20/10/24 20:34:19 INFO SignalUtils: Registered signal handler for INT
[36mspark-master_1   |[0m WARNING: An illegal reflective access operation has occurred
[36mspark-master_1   |[0m WARNING: Illegal reflective access by org.apache.spark.unsafe.Platform (file:/spark/jars/spark-unsafe_2.12-3.0.1.jar) to constructor java.nio.DirectByteBuffer(long,int)
[36mspark-master_1   |[0m WARNING: Please consider reporting this to the maintainers of org.apache.spark.unsafe.Platform
[36mspark-master_1   |[0m WARNING: Use --illegal-access=warn to enable warnings of further illegal reflective access operations
[36mspark-master_1   |[0m WARNING: All illegal access operations will be denied in a future release
[36mspark-master_1   |[0m 20/10/24 20:34:20 WARN NativeCodeLoader: Unable to load native-hadoop library for your platform... using builtin-java classes where applicable
[36mspark-master_1   |[0m 20/10/24 20:34:20 INFO SecurityManager: Changing view acls to: root
[36mspark-master_1   |[0m 20/10/24 20:34:20 INFO SecurityManager: Changing modify acls to: root
[36mspark-master_1   |[0m 20/10/24 20:34:20 INFO SecurityManager: Changing view acls groups to: 
[36mspark-master_1   |[0m 20/10/24 20:34:20 INFO SecurityManager: Changing modify acls groups to: 
[36mspark-master_1   |[0m 20/10/24 20:34:20 INFO SecurityManager: SecurityManager: authentication disabled; ui acls disabled; users  with view permissions: Set(root); groups with view permissions: Set(); users  with modify permissions: Set(root); groups with modify permissions: Set()
[36mspark-master_1   |[0m 20/10/24 20:34:21 INFO Utils: Successfully started service 'sparkMaster' on port 7077.
[36mspark-master_1   |[0m 20/10/24 20:34:21 INFO Master: Starting Spark master at spark://192.168.48.2:7077
[36mspark-master_1   |[0m 20/10/24 20:34:21 INFO Master: Running Spark version 3.0.1
[36mspark-master_1   |[0m 20/10/24 20:34:21 INFO Utils: Successfully started service 'MasterUI' on port 8080.
[36mspark-master_1   |[0m 20/10/24 20:34:21 INFO MasterWebUI: Bound MasterWebUI to 0.0.0.0, and started at http://aec7f1f16a14:8080
[36mspark-master_1   |[0m 20/10/24 20:34:21 INFO Master: I have been elected leader! New state: ALIVE
[36mspark-master_1   |[0m 20/10/24 20:34:22 INFO Master: Registering worker 192.168.48.3:41981 with 2 cores, 2.0 GiB RAM
[36mspark-master_1   |[0m 20/10/24 20:34:23 INFO Master: Registering worker 192.168.48.5:43915 with 2 cores, 2.0 GiB RAM
[35mspark-worker2    |[0m Using Spark's default log4j profile: org/apache/spark/log4j-defaults.properties
[35mspark-worker2    |[0m 20/10/24 20:25:23 INFO Worker: Started daemon with process name: 6@7ef2b1b998ab
[35mspark-worker2    |[0m 20/10/24 20:25:23 INFO SignalUtils: Registered signal handler for TERM
[35mspark-worker2    |[0m 20/10/24 20:25:23 INFO SignalUtils: Registered signal handler for HUP
[35mspark-worker2    |[0m 20/10/24 20:25:23 INFO SignalUtils: Registered signal handler for INT
[35mspark-worker2    |[0m WARNING: An illegal reflective access operation has occurred
[35mspark-worker2    |[0m WARNING: Illegal reflective access by org.apache.spark.unsafe.Platform (file:/spark/jars/spark-unsafe_2.12-3.0.1.jar) to constructor java.nio.DirectByteBuffer(long,int)
[35mspark-worker2    |[0m WARNING: Please consider reporting this to the maintainers of org.apache.spark.unsafe.Platform
[35mspark-worker2    |[0m WARNING: Use --illegal-access=warn to enable warnings of further illegal reflective access operations
[35mspark-worker2    |[0m WARNING: All illegal access operations will be denied in a future release
[35mspark-worker2    |[0m 20/10/24 20:25:25 WARN NativeCodeLoader: Unable to load native-hadoop library for your platform... using builtin-java classes where applicable
[35mspark-worker2    |[0m 20/10/24 20:25:25 INFO SecurityManager: Changing view acls to: root
[35mspark-worker2    |[0m 20/10/24 20:25:25 INFO SecurityManager: Changing modify acls to: root
[35mspark-worker2    |[0m 20/10/24 20:25:25 INFO SecurityManager: Changing view acls groups to: 
[35mspark-worker2    |[0m 20/10/24 20:25:25 INFO SecurityManager: Changing modify acls groups to: 
[35mspark-worker2    |[0m 20/10/24 20:25:25 INFO SecurityManager: SecurityManager: authentication disabled; ui acls disabled; users  with view permissions: Set(root); groups with view permissions: Set(); users  with modify permissions: Set(root); groups with modify permissions: Set()
[35mspark-worker2    |[0m 20/10/24 20:25:26 INFO Utils: Successfully started service 'sparkWorker' on port 46007.
[35mspark-worker2    |[0m 20/10/24 20:25:26 INFO Worker: Starting Spark worker 192.168.48.4:46007 with 2 cores, 2.0 GiB RAM
[35mspark-worker2    |[0m 20/10/24 20:25:26 INFO Worker: Running Spark version 3.0.1
[35mspark-worker2    |[0m 20/10/24 20:25:26 INFO Worker: Spark home: /spark
[35mspark-worker2    |[0m 20/10/24 20:25:26 INFO ResourceUtils: ==============================================================
[35mspark-worker2    |[0m 20/10/24 20:25:26 INFO ResourceUtils: Resources for spark.worker:
[35mspark-worker2    |[0m 
[35mspark-worker2    |[0m 20/10/24 20:25:26 INFO ResourceUtils: ==============================================================
[35mspark-worker2    |[0m 20/10/24 20:25:27 INFO Utils: Successfully started service 'WorkerUI' on port 8081.
[35mspark-worker2    |[0m 20/10/24 20:25:27 INFO WorkerWebUI: Bound WorkerWebUI to 0.0.0.0, and started at http://7ef2b1b998ab:8081
[35mspark-worker2    |[0m 20/10/24 20:25:27 INFO Worker: Connecting to master spark-master:7077...
[35mspark-worker2    |[0m 20/10/24 20:25:27 INFO TransportClientFactory: Successfully created connection to spark-master/192.168.48.2:7077 after 58 ms (0 ms spent in bootstraps)
[35mspark-worker2    |[0m 20/10/24 20:25:28 INFO Worker: Successfully registered with master spark://192.168.48.2:7077
[35mspark-worker2    |[0m Using Spark's default log4j profile: org/apache/spark/log4j-defaults.properties
[35mspark-worker2    |[0m 20/10/24 20:28:25 INFO Worker: Started daemon with process name: 6@7ef2b1b998ab
[35mspark-worker2    |[0m 20/10/24 20:28:25 INFO SignalUtils: Registered signal handler for TERM
[35mspark-worker2    |[0m 20/10/24 20:28:25 INFO SignalUtils: Registered signal handler for HUP
[35mspark-worker2    |[0m 20/10/24 20:28:25 INFO SignalUtils: Registered signal handler for INT
[35mspark-worker2    |[0m WARNING: An illegal reflective access operation has occurred
[35mspark-worker2    |[0m WARNING: Illegal reflective access by org.apache.spark.unsafe.Platform (file:/spark/jars/spark-unsafe_2.12-3.0.1.jar) to constructor java.nio.DirectByteBuffer(long,int)
[35mspark-worker2    |[0m WARNING: Please consider reporting this to the maintainers of org.apache.spark.unsafe.Platform
[35mspark-worker2    |[0m WARNING: Use --illegal-access=warn to enable warnings of further illegal reflective access operations
[35mspark-worker2    |[0m WARNING: All illegal access operations will be denied in a future release
[35mspark-worker2    |[0m 20/10/24 20:28:27 WARN NativeCodeLoader: Unable to load native-hadoop library for your platform... using builtin-java classes where applicable
[35mspark-worker2    |[0m 20/10/24 20:28:27 INFO SecurityManager: Changing view acls to: root
[35mspark-worker2    |[0m 20/10/24 20:28:27 INFO SecurityManager: Changing modify acls to: root
[35mspark-worker2    |[0m 20/10/24 20:28:27 INFO SecurityManager: Changing view acls groups to: 
[35mspark-worker2    |[0m 20/10/24 20:28:27 INFO SecurityManager: Changing modify acls groups to: 
[35mspark-worker2    |[0m 20/10/24 20:28:27 INFO SecurityManager: SecurityManager: authentication disabled; ui acls disabled; users  with view permissions: Set(root); groups with view permissions: Set(); users  with modify permissions: Set(root); groups with modify permissions: Set()
[35mspark-worker2    |[0m 20/10/24 20:28:28 INFO Utils: Successfully started service 'sparkWorker' on port 42049.
[35mspark-worker2    |[0m 20/10/24 20:28:29 INFO Worker: Starting Spark worker 192.168.48.4:42049 with 2 cores, 2.0 GiB RAM
[35mspark-worker2    |[0m 20/10/24 20:28:29 INFO Worker: Running Spark version 3.0.1
[35mspark-worker2    |[0m 20/10/24 20:28:29 INFO Worker: Spark home: /spark
[35mspark-worker2    |[0m 20/10/24 20:28:29 INFO ResourceUtils: ==============================================================
[35mspark-worker2    |[0m 20/10/24 20:28:29 INFO ResourceUtils: Resources for spark.worker:
[35mspark-worker2    |[0m 
[35mspark-worker2    |[0m 20/10/24 20:28:29 INFO ResourceUtils: ==============================================================
[35mspark-worker2    |[0m 20/10/24 20:28:29 INFO Utils: Successfully started service 'WorkerUI' on port 8081.
[35mspark-worker2    |[0m 20/10/24 20:28:29 INFO WorkerWebUI: Bound WorkerWebUI to 0.0.0.0, and started at http://7ef2b1b998ab:8081
[35mspark-worker2    |[0m 20/10/24 20:28:29 INFO Worker: Connecting to master spark-master:7077...
[35mspark-worker2    |[0m 20/10/24 20:28:29 INFO TransportClientFactory: Successfully created connection to spark-master/192.168.48.2:7077 after 82 ms (0 ms spent in bootstraps)
[35mspark-worker2    |[0m 20/10/24 20:28:30 INFO Worker: Successfully registered with master spark://192.168.48.2:7077
[35mspark-worker2    |[0m 20/10/24 20:31:23 INFO Worker: spark-master:7077 Disassociated !
[35mspark-worker2    |[0m 20/10/24 20:31:23 ERROR Worker: Connection to master failed! Waiting for master to reconnect...
[35mspark-worker2    |[0m 20/10/24 20:31:23 INFO Worker: 192.168.48.2:7077 Disassociated !
[35mspark-worker2    |[0m 20/10/24 20:31:23 ERROR Worker: Connection to master failed! Waiting for master to reconnect...
[35mspark-worker2    |[0m 20/10/24 20:31:23 INFO Worker: Not spawning another attempt to register with the master, since there is an attempt scheduled already.
[35mspark-worker2    |[0m 20/10/24 20:31:23 INFO Worker: Connecting to master spark-master:7077...
[35mspark-worker2    |[0m Using Spark's default log4j profile: org/apache/spark/log4j-defaults.properties
[35mspark-worker2    |[0m 20/10/24 20:31:29 INFO Worker: Started daemon with process name: 8@7ef2b1b998ab
[35mspark-worker2    |[0m 20/10/24 20:31:29 INFO SignalUtils: Registered signal handler for TERM
[35mspark-worker2    |[0m 20/10/24 20:31:29 INFO SignalUtils: Registered signal handler for HUP
[35mspark-worker2    |[0m 20/10/24 20:31:29 INFO SignalUtils: Registered signal handler for INT
[35mspark-worker2    |[0m WARNING: An illegal reflective access operation has occurred
[35mspark-worker2    |[0m WARNING: Illegal reflective access by org.apache.spark.unsafe.Platform (file:/spark/jars/spark-unsafe_2.12-3.0.1.jar) to constructor java.nio.DirectByteBuffer(long,int)
[35mspark-worker2    |[0m WARNING: Please consider reporting this to the maintainers of org.apache.spark.unsafe.Platform
[35mspark-worker2    |[0m WARNING: Use --illegal-access=warn to enable warnings of further illegal reflective access operations
[35mspark-worker2    |[0m WARNING: All illegal access operations will be denied in a future release
[35mspark-worker2    |[0m 20/10/24 20:31:30 WARN NativeCodeLoader: Unable to load native-hadoop library for your platform... using builtin-java classes where applicable
[35mspark-worker2    |[0m 20/10/24 20:31:30 INFO SecurityManager: Changing view acls to: root
[35mspark-worker2    |[0m 20/10/24 20:31:30 INFO SecurityManager: Changing modify acls to: root
[35mspark-worker2    |[0m 20/10/24 20:31:30 INFO SecurityManager: Changing view acls groups to: 
[35mspark-worker2    |[0m 20/10/24 20:31:30 INFO SecurityManager: Changing modify acls groups to: 
[35mspark-worker2    |[0m 20/10/24 20:31:30 INFO SecurityManager: SecurityManager: authentication disabled; ui acls disabled; users  with view permissions: Set(root); groups with view permissions: Set(); users  with modify permissions: Set(root); groups with modify permissions: Set()
[35mspark-worker2    |[0m 20/10/24 20:31:31 INFO Utils: Successfully started service 'sparkWorker' on port 39379.
[35mspark-worker2    |[0m 20/10/24 20:31:31 INFO Worker: Starting Spark worker 192.168.48.3:39379 with 2 cores, 2.0 GiB RAM
[35mspark-worker2    |[0m 20/10/24 20:31:31 INFO Worker: Running Spark version 3.0.1
[35mspark-worker2    |[0m 20/10/24 20:31:31 INFO Worker: Spark home: /spark
[35mspark-worker2    |[0m 20/10/24 20:31:31 INFO ResourceUtils: ==============================================================
[35mspark-worker2    |[0m 20/10/24 20:31:31 INFO ResourceUtils: Resources for spark.worker:
[35mspark-worker2    |[0m 
[35mspark-worker2    |[0m 20/10/24 20:31:31 INFO ResourceUtils: ==============================================================
[35mspark-worker2    |[0m 20/10/24 20:31:31 INFO Utils: Successfully started service 'WorkerUI' on port 8081.
[35mspark-worker2    |[0m 20/10/24 20:31:31 INFO WorkerWebUI: Bound WorkerWebUI to 0.0.0.0, and started at http://7ef2b1b998ab:8081
[35mspark-worker2    |[0m 20/10/24 20:31:31 INFO Worker: Connecting to master spark-master:7077...
[35mspark-worker2    |[0m 20/10/24 20:31:31 INFO TransportClientFactory: Successfully created connection to spark-master/192.168.48.2:7077 after 62 ms (0 ms spent in bootstraps)
[35mspark-worker2    |[0m 20/10/24 20:31:31 INFO Worker: Successfully registered with master spark://192.168.48.2:7077
[35mspark-worker2    |[0m Using Spark's default log4j profile: org/apache/spark/log4j-defaults.properties
[35mspark-worker2    |[0m 20/10/24 20:34:21 INFO Worker: Started daemon with process name: 8@7ef2b1b998ab
[35mspark-worker2    |[0m 20/10/24 20:34:21 INFO SignalUtils: Registered signal handler for TERM
[35mspark-worker2    |[0m 20/10/24 20:34:21 INFO SignalUtils: Registered signal handler for HUP
[35mspark-worker2    |[0m 20/10/24 20:34:21 INFO SignalUtils: Registered signal handler for INT
[35mspark-worker2    |[0m WARNING: An illegal reflective access operation has occurred
[35mspark-worker2    |[0m WARNING: Illegal reflective access by org.apache.spark.unsafe.Platform (file:/spark/jars/spark-unsafe_2.12-3.0.1.jar) to constructor java.nio.DirectByteBuffer(long,int)
[35mspark-worker2    |[0m WARNING: Please consider reporting this to the maintainers of org.apache.spark.unsafe.Platform
[35mspark-worker2    |[0m WARNING: Use --illegal-access=warn to enable warnings of further illegal reflective access operations
[35mspark-worker2    |[0m WARNING: All illegal access operations will be denied in a future release
[35mspark-worker2    |[0m 20/10/24 20:34:21 WARN NativeCodeLoader: Unable to load native-hadoop library for your platform... using builtin-java classes where applicable
[35mspark-worker2    |[0m 20/10/24 20:34:22 INFO SecurityManager: Changing view acls to: root
[35mspark-worker2    |[0m 20/10/24 20:34:22 INFO SecurityManager: Changing modify acls to: root
[35mspark-worker2    |[0m 20/10/24 20:34:22 INFO SecurityManager: Changing view acls groups to: 
[35mspark-worker2    |[0m 20/10/24 20:34:22 INFO SecurityManager: Changing modify acls groups to: 
[35mspark-worker2    |[0m 20/10/24 20:34:22 INFO SecurityManager: SecurityManager: authentication disabled; ui acls disabled; users  with view permissions: Set(root); groups with view permissions: Set(); users  with modify permissions: Set(root); groups with modify permissions: Set()
[35mspark-worker2    |[0m 20/10/24 20:34:22 INFO Utils: Successfully started service 'sparkWorker' on port 43915.
[35mspark-worker2    |[0m 20/10/24 20:34:22 INFO Worker: Starting Spark worker 192.168.48.5:43915 with 2 cores, 2.0 GiB RAM
[35mspark-worker2    |[0m 20/10/24 20:34:22 INFO Worker: Running Spark version 3.0.1
[35mspark-worker2    |[0m 20/10/24 20:34:22 INFO Worker: Spark home: /spark
[35mspark-worker2    |[0m 20/10/24 20:34:22 INFO ResourceUtils: ==============================================================
[35mspark-worker2    |[0m 20/10/24 20:34:22 INFO ResourceUtils: Resources for spark.worker:
[35mspark-worker2    |[0m 
[35mspark-worker2    |[0m 20/10/24 20:34:22 INFO ResourceUtils: ==============================================================
[35mspark-worker2    |[0m 20/10/24 20:34:22 INFO Utils: Successfully started service 'WorkerUI' on port 8081.
[35mspark-worker2    |[0m 20/10/24 20:34:22 INFO WorkerWebUI: Bound WorkerWebUI to 0.0.0.0, and started at http://7ef2b1b998ab:8081
[35mspark-worker2    |[0m 20/10/24 20:34:22 INFO Worker: Connecting to master spark-master:7077...
[35mspark-worker2    |[0m 20/10/24 20:34:23 INFO TransportClientFactory: Successfully created connection to spark-master/192.168.48.2:7077 after 34 ms (0 ms spent in bootstraps)
[35mspark-worker2    |[0m 20/10/24 20:34:23 INFO Worker: Successfully registered with master spark://192.168.48.2:7077
[32mspark-worker1    |[0m Using Spark's default log4j profile: org/apache/spark/log4j-defaults.properties
[32mspark-worker1    |[0m 20/10/24 20:25:23 INFO Worker: Started daemon with process name: 6@494a1c509734
[32mspark-worker1    |[0m 20/10/24 20:25:23 INFO SignalUtils: Registered signal handler for TERM
[32mspark-worker1    |[0m 20/10/24 20:25:23 INFO SignalUtils: Registered signal handler for HUP
[32mspark-worker1    |[0m 20/10/24 20:25:23 INFO SignalUtils: Registered signal handler for INT
[32mspark-worker1    |[0m WARNING: An illegal reflective access operation has occurred
[32mspark-worker1    |[0m WARNING: Illegal reflective access by org.apache.spark.unsafe.Platform (file:/spark/jars/spark-unsafe_2.12-3.0.1.jar) to constructor java.nio.DirectByteBuffer(long,int)
[32mspark-worker1    |[0m WARNING: Please consider reporting this to the maintainers of org.apache.spark.unsafe.Platform
[32mspark-worker1    |[0m WARNING: Use --illegal-access=warn to enable warnings of further illegal reflective access operations
[32mspark-worker1    |[0m WARNING: All illegal access operations will be denied in a future release
[32mspark-worker1    |[0m 20/10/24 20:25:25 WARN NativeCodeLoader: Unable to load native-hadoop library for your platform... using builtin-java classes where applicable
[32mspark-worker1    |[0m 20/10/24 20:25:25 INFO SecurityManager: Changing view acls to: root
[32mspark-worker1    |[0m 20/10/24 20:25:25 INFO SecurityManager: Changing modify acls to: root
[32mspark-worker1    |[0m 20/10/24 20:25:25 INFO SecurityManager: Changing view acls groups to: 
[32mspark-worker1    |[0m 20/10/24 20:25:25 INFO SecurityManager: Changing modify acls groups to: 
[32mspark-worker1    |[0m 20/10/24 20:25:25 INFO SecurityManager: SecurityManager: authentication disabled; ui acls disabled; users  with view permissions: Set(root); groups with view permissions: Set(); users  with modify permissions: Set(root); groups with modify permissions: Set()
[32mspark-worker1    |[0m 20/10/24 20:25:26 INFO Utils: Successfully started service 'sparkWorker' on port 41821.
[32mspark-worker1    |[0m 20/10/24 20:25:26 INFO Worker: Starting Spark worker 192.168.48.3:41821 with 2 cores, 2.0 GiB RAM
[32mspark-worker1    |[0m 20/10/24 20:25:26 INFO Worker: Running Spark version 3.0.1
[32mspark-worker1    |[0m 20/10/24 20:25:26 INFO Worker: Spark home: /spark
[32mspark-worker1    |[0m 20/10/24 20:25:26 INFO ResourceUtils: ==============================================================
[32mspark-worker1    |[0m 20/10/24 20:25:26 INFO ResourceUtils: Resources for spark.worker:
[32mspark-worker1    |[0m 
[32mspark-worker1    |[0m 20/10/24 20:25:26 INFO ResourceUtils: ==============================================================
[32mspark-worker1    |[0m 20/10/24 20:25:27 INFO Utils: Successfully started service 'WorkerUI' on port 8081.
[32mspark-worker1    |[0m 20/10/24 20:25:27 INFO WorkerWebUI: Bound WorkerWebUI to 0.0.0.0, and started at http://494a1c509734:8081
[32mspark-worker1    |[0m 20/10/24 20:25:27 INFO Worker: Connecting to master spark-master:7077...
[32mspark-worker1    |[0m 20/10/24 20:25:27 INFO TransportClientFactory: Successfully created connection to spark-master/192.168.48.2:7077 after 59 ms (0 ms spent in bootstraps)
[32mspark-worker1    |[0m 20/10/24 20:25:28 INFO Worker: Successfully registered with master spark://192.168.48.2:7077
[32mspark-worker1    |[0m Using Spark's default log4j profile: org/apache/spark/log4j-defaults.properties
[32mspark-worker1    |[0m 20/10/24 20:28:25 INFO Worker: Started daemon with process name: 6@494a1c509734
[32mspark-worker1    |[0m 20/10/24 20:28:25 INFO SignalUtils: Registered signal handler for TERM
[32mspark-worker1    |[0m 20/10/24 20:28:25 INFO SignalUtils: Registered signal handler for HUP
[32mspark-worker1    |[0m 20/10/24 20:28:25 INFO SignalUtils: Registered signal handler for INT
[32mspark-worker1    |[0m WARNING: An illegal reflective access operation has occurred
[32mspark-worker1    |[0m WARNING: Illegal reflective access by org.apache.spark.unsafe.Platform (file:/spark/jars/spark-unsafe_2.12-3.0.1.jar) to constructor java.nio.DirectByteBuffer(long,int)
[32mspark-worker1    |[0m WARNING: Please consider reporting this to the maintainers of org.apache.spark.unsafe.Platform
[32mspark-worker1    |[0m WARNING: Use --illegal-access=warn to enable warnings of further illegal reflective access operations
[32mspark-worker1    |[0m WARNING: All illegal access operations will be denied in a future release
[32mspark-worker1    |[0m 20/10/24 20:28:27 WARN NativeCodeLoader: Unable to load native-hadoop library for your platform... using builtin-java classes where applicable
[32mspark-worker1    |[0m 20/10/24 20:28:27 INFO SecurityManager: Changing view acls to: root
[32mspark-worker1    |[0m 20/10/24 20:28:27 INFO SecurityManager: Changing modify acls to: root
[32mspark-worker1    |[0m 20/10/24 20:28:27 INFO SecurityManager: Changing view acls groups to: 
[32mspark-worker1    |[0m 20/10/24 20:28:27 INFO SecurityManager: Changing modify acls groups to: 
[32mspark-worker1    |[0m 20/10/24 20:28:27 INFO SecurityManager: SecurityManager: authentication disabled; ui acls disabled; users  with view permissions: Set(root); groups with view permissions: Set(); users  with modify permissions: Set(root); groups with modify permissions: Set()
[32mspark-worker1    |[0m 20/10/24 20:28:28 INFO Utils: Successfully started service 'sparkWorker' on port 34523.
[32mspark-worker1    |[0m 20/10/24 20:28:29 INFO Worker: Starting Spark worker 192.168.48.3:34523 with 2 cores, 2.0 GiB RAM
[32mspark-worker1    |[0m 20/10/24 20:28:29 INFO Worker: Running Spark version 3.0.1
[32mspark-worker1    |[0m 20/10/24 20:28:29 INFO Worker: Spark home: /spark
[32mspark-worker1    |[0m 20/10/24 20:28:29 INFO ResourceUtils: ==============================================================
[32mspark-worker1    |[0m 20/10/24 20:28:29 INFO ResourceUtils: Resources for spark.worker:
[32mspark-worker1    |[0m 
[32mspark-worker1    |[0m 20/10/24 20:28:29 INFO ResourceUtils: ==============================================================
[32mspark-worker1    |[0m 20/10/24 20:28:29 INFO Utils: Successfully started service 'WorkerUI' on port 8081.
[32mspark-worker1    |[0m 20/10/24 20:28:29 INFO WorkerWebUI: Bound WorkerWebUI to 0.0.0.0, and started at http://494a1c509734:8081
[32mspark-worker1    |[0m 20/10/24 20:28:29 INFO Worker: Connecting to master spark-master:7077...
[32mspark-worker1    |[0m 20/10/24 20:28:29 INFO TransportClientFactory: Successfully created connection to spark-master/192.168.48.2:7077 after 118 ms (0 ms spent in bootstraps)
[32mspark-worker1    |[0m 20/10/24 20:28:30 INFO Worker: Successfully registered with master spark://192.168.48.2:7077
[32mspark-worker1    |[0m 20/10/24 20:31:23 INFO Worker: spark-master:7077 Disassociated !
[32mspark-worker1    |[0m 20/10/24 20:31:23 ERROR Worker: Connection to master failed! Waiting for master to reconnect...
[32mspark-worker1    |[0m 20/10/24 20:31:23 INFO Worker: Connecting to master spark-master:7077...
[32mspark-worker1    |[0m 20/10/24 20:31:23 INFO Worker: 192.168.48.2:7077 Disassociated !
[32mspark-worker1    |[0m 20/10/24 20:31:23 ERROR Worker: Connection to master failed! Waiting for master to reconnect...
[32mspark-worker1    |[0m Using Spark's default log4j profile: org/apache/spark/log4j-defaults.properties
[32mspark-worker1    |[0m 20/10/24 20:31:29 INFO Worker: Started daemon with process name: 6@494a1c509734
[32mspark-worker1    |[0m 20/10/24 20:31:29 INFO SignalUtils: Registered signal handler for TERM
[32mspark-worker1    |[0m 20/10/24 20:31:29 INFO SignalUtils: Registered signal handler for HUP
[32mspark-worker1    |[0m 20/10/24 20:31:29 INFO SignalUtils: Registered signal handler for INT
[32mspark-worker1    |[0m WARNING: An illegal reflective access operation has occurred
[32mspark-worker1    |[0m WARNING: Illegal reflective access by org.apache.spark.unsafe.Platform (file:/spark/jars/spark-unsafe_2.12-3.0.1.jar) to constructor java.nio.DirectByteBuffer(long,int)
[32mspark-worker1    |[0m WARNING: Please consider reporting this to the maintainers of org.apache.spark.unsafe.Platform
[32mspark-worker1    |[0m WARNING: Use --illegal-access=warn to enable warnings of further illegal reflective access operations
[32mspark-worker1    |[0m WARNING: All illegal access operations will be denied in a future release
[32mspark-worker1    |[0m 20/10/24 20:31:30 WARN NativeCodeLoader: Unable to load native-hadoop library for your platform... using builtin-java classes where applicable
[32mspark-worker1    |[0m 20/10/24 20:31:30 INFO SecurityManager: Changing view acls to: root
[32mspark-worker1    |[0m 20/10/24 20:31:30 INFO SecurityManager: Changing modify acls to: root
[32mspark-worker1    |[0m 20/10/24 20:31:30 INFO SecurityManager: Changing view acls groups to: 
[32mspark-worker1    |[0m 20/10/24 20:31:30 INFO SecurityManager: Changing modify acls groups to: 
[32mspark-worker1    |[0m 20/10/24 20:31:30 INFO SecurityManager: SecurityManager: authentication disabled; ui acls disabled; users  with view permissions: Set(root); groups with view permissions: Set(); users  with modify permissions: Set(root); groups with modify permissions: Set()
[32mspark-worker1    |[0m 20/10/24 20:31:31 INFO Utils: Successfully started service 'sparkWorker' on port 43267.
[32mspark-worker1    |[0m 20/10/24 20:31:31 INFO Worker: Starting Spark worker 192.168.48.4:43267 with 2 cores, 2.0 GiB RAM
[32mspark-worker1    |[0m 20/10/24 20:31:31 INFO Worker: Running Spark version 3.0.1
[32mspark-worker1    |[0m 20/10/24 20:31:31 INFO Worker: Spark home: /spark
[32mspark-worker1    |[0m 20/10/24 20:31:31 INFO ResourceUtils: ==============================================================
[32mspark-worker1    |[0m 20/10/24 20:31:31 INFO ResourceUtils: Resources for spark.worker:
[32mspark-worker1    |[0m 
[32mspark-worker1    |[0m 20/10/24 20:31:31 INFO ResourceUtils: ==============================================================
[32mspark-worker1    |[0m 20/10/24 20:31:31 INFO Utils: Successfully started service 'WorkerUI' on port 8081.
[32mspark-worker1    |[0m 20/10/24 20:31:31 INFO WorkerWebUI: Bound WorkerWebUI to 0.0.0.0, and started at http://494a1c509734:8081
[32mspark-worker1    |[0m 20/10/24 20:31:31 INFO Worker: Connecting to master spark-master:7077...
[32mspark-worker1    |[0m 20/10/24 20:31:31 INFO TransportClientFactory: Successfully created connection to spark-master/192.168.48.2:7077 after 53 ms (0 ms spent in bootstraps)
[32mspark-worker1    |[0m 20/10/24 20:31:31 INFO Worker: Successfully registered with master spark://192.168.48.2:7077
[32mspark-worker1    |[0m Using Spark's default log4j profile: org/apache/spark/log4j-defaults.properties
[32mspark-worker1    |[0m 20/10/24 20:34:20 INFO Worker: Started daemon with process name: 6@494a1c509734
[32mspark-worker1    |[0m 20/10/24 20:34:20 INFO SignalUtils: Registered signal handler for TERM
[32mspark-worker1    |[0m 20/10/24 20:34:20 INFO SignalUtils: Registered signal handler for HUP
[32mspark-worker1    |[0m 20/10/24 20:34:20 INFO SignalUtils: Registered signal handler for INT
[32mspark-worker1    |[0m WARNING: An illegal reflective access operation has occurred
[32mspark-worker1    |[0m WARNING: Illegal reflective access by org.apache.spark.unsafe.Platform (file:/spark/jars/spark-unsafe_2.12-3.0.1.jar) to constructor java.nio.DirectByteBuffer(long,int)
[32mspark-worker1    |[0m WARNING: Please consider reporting this to the maintainers of org.apache.spark.unsafe.Platform
[32mspark-worker1    |[0m WARNING: Use --illegal-access=warn to enable warnings of further illegal reflective access operations
[32mspark-worker1    |[0m WARNING: All illegal access operations will be denied in a future release
[32mspark-worker1    |[0m 20/10/24 20:34:21 WARN NativeCodeLoader: Unable to load native-hadoop library for your platform... using builtin-java classes where applicable
[32mspark-worker1    |[0m 20/10/24 20:34:21 INFO SecurityManager: Changing view acls to: root
[32mspark-worker1    |[0m 20/10/24 20:34:21 INFO SecurityManager: Changing modify acls to: root
[32mspark-worker1    |[0m 20/10/24 20:34:21 INFO SecurityManager: Changing view acls groups to: 
[32mspark-worker1    |[0m 20/10/24 20:34:21 INFO SecurityManager: Changing modify acls groups to: 
[32mspark-worker1    |[0m 20/10/24 20:34:21 INFO SecurityManager: SecurityManager: authentication disabled; ui acls disabled; users  with view permissions: Set(root); groups with view permissions: Set(); users  with modify permissions: Set(root); groups with modify permissions: Set()
[32mspark-worker1    |[0m 20/10/24 20:34:22 INFO Utils: Successfully started service 'sparkWorker' on port 41981.
[32mspark-worker1    |[0m 20/10/24 20:34:22 INFO Worker: Starting Spark worker 192.168.48.3:41981 with 2 cores, 2.0 GiB RAM
[32mspark-worker1    |[0m 20/10/24 20:34:22 INFO Worker: Running Spark version 3.0.1
[32mspark-worker1    |[0m 20/10/24 20:34:22 INFO Worker: Spark home: /spark
[32mspark-worker1    |[0m 20/10/24 20:34:22 INFO ResourceUtils: ==============================================================
[32mspark-worker1    |[0m 20/10/24 20:34:22 INFO ResourceUtils: Resources for spark.worker:
[32mspark-worker1    |[0m 
[32mspark-worker1    |[0m 20/10/24 20:34:22 INFO ResourceUtils: ==============================================================
[32mspark-worker1    |[0m 20/10/24 20:34:22 INFO Utils: Successfully started service 'WorkerUI' on port 8081.
[32mspark-worker1    |[0m 20/10/24 20:34:22 INFO WorkerWebUI: Bound WorkerWebUI to 0.0.0.0, and started at http://494a1c509734:8081
[32mspark-worker1    |[0m 20/10/24 20:34:22 INFO Worker: Connecting to master spark-master:7077...
[32mspark-worker1    |[0m 20/10/24 20:34:22 INFO TransportClientFactory: Successfully created connection to spark-master/192.168.48.2:7077 after 37 ms (0 ms spent in bootstraps)
[32mspark-worker1    |[0m 20/10/24 20:34:22 INFO Worker: Successfully registered with master spark://192.168.48.2:7077
